<?xml version="1.0" encoding="UTF-8"?>
<TestRun id="bb0ec3d5-95b5-479d-a88e-9e5cae37f3e9" name="en@JAVITO 2013-04-09 15:07:09" runUser="JAVITO\en" xmlns="http://microsoft.com/schemas/VisualStudio/TeamTest/2010">
  <TestSettings name="Local" id="2c2fb43d-b731-4a7e-9ecb-951d09d9071d">
    <Description>These are default test settings for a local test run.</Description>
    <Deployment enabled="false" runDeploymentRoot="en_JAVITO 2013-04-09 15_07_09">
      <DeploymentItem filename="F:\workspaces\general_web\ForexRobots\windows_dll\GreenZoneFxEAnalyzer\GreenZoneFxEAnalyzer\bin\Debug\GreenZoneFxEAnalyzer.dll" />
      <DeploymentItem filename="F:\workspaces\general_web\ForexRobots\windows_dll\GreenZoneFxEAnalyzer\GreenZoneFxEngine\bin\Debug\GreenZoneFxEngine.dll" />
    </Deployment>
    <Execution>
      <TestTypeSpecific />
      <AgentRule name="Execution Agents">
      </AgentRule>
    </Execution>
  </TestSettings>
  <Times creation="2013-04-09T15:07:09.7648866+02:00" queuing="2013-04-09T15:07:14.0930116+02:00" start="2013-04-09T15:07:14.3117616+02:00" finish="2013-04-09T15:07:19.5461366+02:00" />
  <ResultSummary outcome="Error">
    <Counters total="6" executed="6" error="1" failed="5" timeout="0" aborted="0" inconclusive="0" passedButRunAborted="0" notRunnable="0" notExecuted="0" disconnected="0" warning="0" passed="0" completed="0" inProgress="0" pending="0" />
  </ResultSummary>
  <TestDefinitions>
    <UnitTest name="BinarySeekAppendTest" storage="f:\workspaces\general_web\forexrobots\windows_dll\greenzonefxeanalyzer\unittests\bin\debug\unittests.dll" id="624d876a-01b6-5ac5-df80-e8d9c50d4500">
      <Execution id="76f812b4-ff82-4fdc-87a5-4cf43e63dc46" />
      <TestMethod codeBase="F:/workspaces/general_web/ForexRobots/windows_dll/GreenZoneFxEAnalyzer/UnitTests/bin/Debug/UnitTests.DLL" adapterTypeName="Microsoft.VisualStudio.TestTools.TestTypes.Unit.UnitTestAdapter, Microsoft.VisualStudio.QualityTools.Tips.UnitTest.Adapter, Version=10.0.0.0, Culture=neutral, PublicKeyToken=b03f5f7f11d50a3a" className="UnitTests.Mt4FileUtilTest, UnitTests, Version=1.0.0.0, Culture=neutral, PublicKeyToken=null" name="BinarySeekAppendTest" />
    </UnitTest>
    <UnitTest name="CsvRWTest" storage="f:\workspaces\general_web\forexrobots\windows_dll\greenzonefxeanalyzer\unittests\bin\debug\unittests.dll" id="51176f26-fc54-5355-1438-b0cd8241af1f">
      <Execution id="2b56a7ee-3c61-476b-b6d8-95f5a566a7fc" />
      <TestMethod codeBase="F:/workspaces/general_web/ForexRobots/windows_dll/GreenZoneFxEAnalyzer/UnitTests/bin/Debug/UnitTests.DLL" adapterTypeName="Microsoft.VisualStudio.TestTools.TestTypes.Unit.UnitTestAdapter, Microsoft.VisualStudio.QualityTools.Tips.UnitTest.Adapter, Version=10.0.0.0, Culture=neutral, PublicKeyToken=b03f5f7f11d50a3a" className="UnitTests.Mt4FileUtilTest, UnitTests, Version=1.0.0.0, Culture=neutral, PublicKeyToken=null" name="CsvRWTest" />
    </UnitTest>
    <UnitTest name="datetime" storage="f:\workspaces\general_web\forexrobots\windows_dll\greenzonefxeanalyzer\unittests\bin\debug\unittests.dll" id="3ece3637-02f2-b9a7-cf44-8cad9965f457">
      <Execution id="bf4d4b4c-103a-4341-98d2-be1a5d3814b1" />
      <TestMethod codeBase="F:/workspaces/general_web/ForexRobots/windows_dll/GreenZoneFxEAnalyzer/UnitTests/bin/Debug/UnitTests.DLL" adapterTypeName="Microsoft.VisualStudio.TestTools.TestTypes.Unit.UnitTestAdapter, Microsoft.VisualStudio.QualityTools.Tips.UnitTest.Adapter, Version=10.0.0.0, Culture=neutral, PublicKeyToken=b03f5f7f11d50a3a" className="UnitTests.TypesTest, UnitTests, Version=1.0.0.0, Culture=neutral, PublicKeyToken=null" name="datetime" />
    </UnitTest>
    <UnitTest name="BinaryRWTest1" storage="f:\workspaces\general_web\forexrobots\windows_dll\greenzonefxeanalyzer\unittests\bin\debug\unittests.dll" id="a7785222-8bf0-85bd-0721-ed354a9eff36">
      <Execution id="5af0a290-9a20-42e0-b107-7cdd11f5f135" />
      <TestMethod codeBase="F:/workspaces/general_web/ForexRobots/windows_dll/GreenZoneFxEAnalyzer/UnitTests/bin/Debug/UnitTests.DLL" adapterTypeName="Microsoft.VisualStudio.TestTools.TestTypes.Unit.UnitTestAdapter, Microsoft.VisualStudio.QualityTools.Tips.UnitTest.Adapter, Version=10.0.0.0, Culture=neutral, PublicKeyToken=b03f5f7f11d50a3a" className="UnitTests.Mt4FileUtilTest, UnitTests, Version=1.0.0.0, Culture=neutral, PublicKeyToken=null" name="BinaryRWTest1" />
    </UnitTest>
    <UnitTest name="CsvSeekAppendTest" storage="f:\workspaces\general_web\forexrobots\windows_dll\greenzonefxeanalyzer\unittests\bin\debug\unittests.dll" id="e201862c-f08e-f4c1-f1f5-9317e0ea1ebb">
      <Execution id="38b26faa-db1b-486b-8755-4582dde9ec52" />
      <TestMethod codeBase="F:/workspaces/general_web/ForexRobots/windows_dll/GreenZoneFxEAnalyzer/UnitTests/bin/Debug/UnitTests.DLL" adapterTypeName="Microsoft.VisualStudio.TestTools.TestTypes.Unit.UnitTestAdapter, Microsoft.VisualStudio.QualityTools.Tips.UnitTest.Adapter, Version=10.0.0.0, Culture=neutral, PublicKeyToken=b03f5f7f11d50a3a" className="UnitTests.Mt4FileUtilTest, UnitTests, Version=1.0.0.0, Culture=neutral, PublicKeyToken=null" name="CsvSeekAppendTest" />
    </UnitTest>
    <UnitTest name="BinaryRWTest2" storage="f:\workspaces\general_web\forexrobots\windows_dll\greenzonefxeanalyzer\unittests\bin\debug\unittests.dll" id="4742e815-c122-f259-96af-62b1d64fba4c">
      <Execution id="7a6b1894-fb01-4287-8afb-6a31e3291c24" />
      <TestMethod codeBase="F:/workspaces/general_web/ForexRobots/windows_dll/GreenZoneFxEAnalyzer/UnitTests/bin/Debug/UnitTests.DLL" adapterTypeName="Microsoft.VisualStudio.TestTools.TestTypes.Unit.UnitTestAdapter, Microsoft.VisualStudio.QualityTools.Tips.UnitTest.Adapter, Version=10.0.0.0, Culture=neutral, PublicKeyToken=b03f5f7f11d50a3a" className="UnitTests.Mt4FileUtilTest, UnitTests, Version=1.0.0.0, Culture=neutral, PublicKeyToken=null" name="BinaryRWTest2" />
    </UnitTest>
  </TestDefinitions>
  <TestLists>
    <TestList name="Results Not in a List" id="8c84fa94-04c1-424b-9868-57a2d4851a1d" />
    <TestList name="All Loaded Results" id="19431567-8539-422a-85d7-44ee4e166bda" />
  </TestLists>
  <TestEntries>
    <TestEntry testId="3ece3637-02f2-b9a7-cf44-8cad9965f457" executionId="bf4d4b4c-103a-4341-98d2-be1a5d3814b1" testListId="8c84fa94-04c1-424b-9868-57a2d4851a1d" />
    <TestEntry testId="4742e815-c122-f259-96af-62b1d64fba4c" executionId="7a6b1894-fb01-4287-8afb-6a31e3291c24" testListId="8c84fa94-04c1-424b-9868-57a2d4851a1d" />
    <TestEntry testId="51176f26-fc54-5355-1438-b0cd8241af1f" executionId="2b56a7ee-3c61-476b-b6d8-95f5a566a7fc" testListId="8c84fa94-04c1-424b-9868-57a2d4851a1d" />
    <TestEntry testId="624d876a-01b6-5ac5-df80-e8d9c50d4500" executionId="76f812b4-ff82-4fdc-87a5-4cf43e63dc46" testListId="8c84fa94-04c1-424b-9868-57a2d4851a1d" />
    <TestEntry testId="a7785222-8bf0-85bd-0721-ed354a9eff36" executionId="5af0a290-9a20-42e0-b107-7cdd11f5f135" testListId="8c84fa94-04c1-424b-9868-57a2d4851a1d" />
    <TestEntry testId="e201862c-f08e-f4c1-f1f5-9317e0ea1ebb" executionId="38b26faa-db1b-486b-8755-4582dde9ec52" testListId="8c84fa94-04c1-424b-9868-57a2d4851a1d" />
  </TestEntries>
  <Results>
    <UnitTestResult executionId="bf4d4b4c-103a-4341-98d2-be1a5d3814b1" testId="3ece3637-02f2-b9a7-cf44-8cad9965f457" testName="datetime" computerName="JAVITO" startTime="2013-04-09T15:07:14.3898866+02:00" endTime="2013-04-09T15:07:17.0930116+02:00" testType="13cdc9d9-ddb5-4fa4-a97d-d965ccfc6d4b" testListId="8c84fa94-04c1-424b-9868-57a2d4851a1d" relativeResultsDirectory="bf4d4b4c-103a-4341-98d2-be1a5d3814b1">
      <Output>
        <ErrorInfo>
          <Message>The agent process was stopped while the test was running.</Message>
        </ErrorInfo>
      </Output>
    </UnitTestResult>
    <UnitTestResult executionId="7a6b1894-fb01-4287-8afb-6a31e3291c24" testId="4742e815-c122-f259-96af-62b1d64fba4c" testName="BinaryRWTest2" computerName="JAVITO" duration="00:00:01.1712945" startTime="2013-04-09T15:07:17.0930116+02:00" endTime="2013-04-09T15:07:19.3273866+02:00" testType="13cdc9d9-ddb5-4fa4-a97d-d965ccfc6d4b" outcome="Failed" testListId="8c84fa94-04c1-424b-9868-57a2d4851a1d" relativeResultsDirectory="7a6b1894-fb01-4287-8afb-6a31e3291c24">
      <Output>
        <ErrorInfo>
          <Message>Test method UnitTests.Mt4FileUtilTest.BinaryRWTest2 threw exception: 
System.Reflection.ReflectionTypeLoadException: Unable to load one or more of the requested types. Retrieve the LoaderExceptions property for more information.</Message>
          <StackTrace>    at System.Reflection.RuntimeModule.GetTypes(RuntimeModule module)
   at System.Reflection.RuntimeModule.GetTypes()
   at System.Reflection.Assembly.GetTypes()
   at GreenZoneUtil.Util.GreenZoneUtils.GetNamespaceClasses(Assembly _asm, String nameSpace, Type[] attributeTypes) in F:\workspaces\general_web\ForexRobots\windows_dll\GreenZoneFxEAnalyzer\GreenZoneUtils\Util\Utils.cs:line 288
   at GreenZoneFxEngine.Trading.EnvironmentRuntime.registerSystemExecutables() in F:\workspaces\general_web\ForexRobots\windows_dll\GreenZoneFxEAnalyzer\GreenZoneFxEngine\Trading\EnvironmentRuntime.cs:line 74
   at GreenZoneFxEngine.Trading.EnvironmentRuntime..ctor(String envId) in F:\workspaces\general_web\ForexRobots\windows_dll\GreenZoneFxEAnalyzer\GreenZoneFxEngine\Trading\EnvironmentRuntime.cs:line 55
   at UnitTests.Mt4FileUtilTest.BinaryRWTest2() in F:\workspaces\general_web\ForexRobots\windows_dll\GreenZoneFxEAnalyzer\UnitTests\Mt4FileUtilTest.cs:line 442
</StackTrace>
        </ErrorInfo>
      </Output>
    </UnitTestResult>
    <UnitTestResult executionId="2b56a7ee-3c61-476b-b6d8-95f5a566a7fc" testId="51176f26-fc54-5355-1438-b0cd8241af1f" testName="CsvRWTest" computerName="JAVITO" duration="00:00:00.0423893" startTime="2013-04-09T15:07:19.3273866+02:00" endTime="2013-04-09T15:07:19.3742616+02:00" testType="13cdc9d9-ddb5-4fa4-a97d-d965ccfc6d4b" outcome="Failed" testListId="8c84fa94-04c1-424b-9868-57a2d4851a1d" relativeResultsDirectory="2b56a7ee-3c61-476b-b6d8-95f5a566a7fc">
      <Output>
        <ErrorInfo>
          <Message>Test method UnitTests.Mt4FileUtilTest.CsvRWTest threw exception: 
System.Reflection.ReflectionTypeLoadException: Unable to load one or more of the requested types. Retrieve the LoaderExceptions property for more information.</Message>
          <StackTrace>    at System.Reflection.RuntimeModule.GetTypes(RuntimeModule module)
   at System.Reflection.RuntimeModule.GetTypes()
   at System.Reflection.Assembly.GetTypes()
   at GreenZoneUtil.Util.GreenZoneUtils.GetNamespaceClasses(Assembly _asm, String nameSpace, Type[] attributeTypes) in F:\workspaces\general_web\ForexRobots\windows_dll\GreenZoneFxEAnalyzer\GreenZoneUtils\Util\Utils.cs:line 288
   at GreenZoneFxEngine.Trading.EnvironmentRuntime.registerSystemExecutables() in F:\workspaces\general_web\ForexRobots\windows_dll\GreenZoneFxEAnalyzer\GreenZoneFxEngine\Trading\EnvironmentRuntime.cs:line 74
   at GreenZoneFxEngine.Trading.EnvironmentRuntime..ctor(String envId) in F:\workspaces\general_web\ForexRobots\windows_dll\GreenZoneFxEAnalyzer\GreenZoneFxEngine\Trading\EnvironmentRuntime.cs:line 55
   at UnitTests.Mt4FileUtilTest.CsvRWTest() in F:\workspaces\general_web\ForexRobots\windows_dll\GreenZoneFxEAnalyzer\UnitTests\Mt4FileUtilTest.cs:line 74
</StackTrace>
        </ErrorInfo>
      </Output>
    </UnitTestResult>
    <UnitTestResult executionId="76f812b4-ff82-4fdc-87a5-4cf43e63dc46" testId="624d876a-01b6-5ac5-df80-e8d9c50d4500" testName="BinarySeekAppendTest" computerName="JAVITO" duration="00:00:00.0407199" startTime="2013-04-09T15:07:19.3742616+02:00" endTime="2013-04-09T15:07:19.4211366+02:00" testType="13cdc9d9-ddb5-4fa4-a97d-d965ccfc6d4b" outcome="Failed" testListId="8c84fa94-04c1-424b-9868-57a2d4851a1d" relativeResultsDirectory="76f812b4-ff82-4fdc-87a5-4cf43e63dc46">
      <Output>
        <ErrorInfo>
          <Message>Test method UnitTests.Mt4FileUtilTest.BinarySeekAppendTest threw exception: 
System.Reflection.ReflectionTypeLoadException: Unable to load one or more of the requested types. Retrieve the LoaderExceptions property for more information.</Message>
          <StackTrace>    at System.Reflection.RuntimeModule.GetTypes(RuntimeModule module)
   at System.Reflection.RuntimeModule.GetTypes()
   at System.Reflection.Assembly.GetTypes()
   at GreenZoneUtil.Util.GreenZoneUtils.GetNamespaceClasses(Assembly _asm, String nameSpace, Type[] attributeTypes) in F:\workspaces\general_web\ForexRobots\windows_dll\GreenZoneFxEAnalyzer\GreenZoneUtils\Util\Utils.cs:line 288
   at GreenZoneFxEngine.Trading.EnvironmentRuntime.registerSystemExecutables() in F:\workspaces\general_web\ForexRobots\windows_dll\GreenZoneFxEAnalyzer\GreenZoneFxEngine\Trading\EnvironmentRuntime.cs:line 74
   at GreenZoneFxEngine.Trading.EnvironmentRuntime..ctor(String envId) in F:\workspaces\general_web\ForexRobots\windows_dll\GreenZoneFxEAnalyzer\GreenZoneFxEngine\Trading\EnvironmentRuntime.cs:line 55
   at UnitTests.Mt4FileUtilTest.BinarySeekAppendTest() in F:\workspaces\general_web\ForexRobots\windows_dll\GreenZoneFxEAnalyzer\UnitTests\Mt4FileUtilTest.cs:line 505
</StackTrace>
        </ErrorInfo>
      </Output>
    </UnitTestResult>
    <UnitTestResult executionId="5af0a290-9a20-42e0-b107-7cdd11f5f135" testId="a7785222-8bf0-85bd-0721-ed354a9eff36" testName="BinaryRWTest1" computerName="JAVITO" duration="00:00:00.0424711" startTime="2013-04-09T15:07:19.4211366+02:00" endTime="2013-04-09T15:07:19.4680116+02:00" testType="13cdc9d9-ddb5-4fa4-a97d-d965ccfc6d4b" outcome="Failed" testListId="8c84fa94-04c1-424b-9868-57a2d4851a1d" relativeResultsDirectory="5af0a290-9a20-42e0-b107-7cdd11f5f135">
      <Output>
        <ErrorInfo>
          <Message>Test method UnitTests.Mt4FileUtilTest.BinaryRWTest1 threw exception: 
System.Reflection.ReflectionTypeLoadException: Unable to load one or more of the requested types. Retrieve the LoaderExceptions property for more information.</Message>
          <StackTrace>    at System.Reflection.RuntimeModule.GetTypes(RuntimeModule module)
   at System.Reflection.RuntimeModule.GetTypes()
   at System.Reflection.Assembly.GetTypes()
   at GreenZoneUtil.Util.GreenZoneUtils.GetNamespaceClasses(Assembly _asm, String nameSpace, Type[] attributeTypes) in F:\workspaces\general_web\ForexRobots\windows_dll\GreenZoneFxEAnalyzer\GreenZoneUtils\Util\Utils.cs:line 288
   at GreenZoneFxEngine.Trading.EnvironmentRuntime.registerSystemExecutables() in F:\workspaces\general_web\ForexRobots\windows_dll\GreenZoneFxEAnalyzer\GreenZoneFxEngine\Trading\EnvironmentRuntime.cs:line 74
   at GreenZoneFxEngine.Trading.EnvironmentRuntime..ctor(String envId) in F:\workspaces\general_web\ForexRobots\windows_dll\GreenZoneFxEAnalyzer\GreenZoneFxEngine\Trading\EnvironmentRuntime.cs:line 55
   at UnitTests.Mt4FileUtilTest.BinaryRWTest1() in F:\workspaces\general_web\ForexRobots\windows_dll\GreenZoneFxEAnalyzer\UnitTests\Mt4FileUtilTest.cs:line 376
</StackTrace>
        </ErrorInfo>
      </Output>
    </UnitTestResult>
    <UnitTestResult executionId="38b26faa-db1b-486b-8755-4582dde9ec52" testId="e201862c-f08e-f4c1-f1f5-9317e0ea1ebb" testName="CsvSeekAppendTest" computerName="JAVITO" duration="00:00:00.0412671" startTime="2013-04-09T15:07:19.4680116+02:00" endTime="2013-04-09T15:07:19.5148866+02:00" testType="13cdc9d9-ddb5-4fa4-a97d-d965ccfc6d4b" outcome="Failed" testListId="8c84fa94-04c1-424b-9868-57a2d4851a1d" relativeResultsDirectory="38b26faa-db1b-486b-8755-4582dde9ec52">
      <Output>
        <ErrorInfo>
          <Message>Test method UnitTests.Mt4FileUtilTest.CsvSeekAppendTest threw exception: 
System.Reflection.ReflectionTypeLoadException: Unable to load one or more of the requested types. Retrieve the LoaderExceptions property for more information.</Message>
          <StackTrace>    at System.Reflection.RuntimeModule.GetTypes(RuntimeModule module)
   at System.Reflection.RuntimeModule.GetTypes()
   at System.Reflection.Assembly.GetTypes()
   at GreenZoneUtil.Util.GreenZoneUtils.GetNamespaceClasses(Assembly _asm, String nameSpace, Type[] attributeTypes) in F:\workspaces\general_web\ForexRobots\windows_dll\GreenZoneFxEAnalyzer\GreenZoneUtils\Util\Utils.cs:line 288
   at GreenZoneFxEngine.Trading.EnvironmentRuntime.registerSystemExecutables() in F:\workspaces\general_web\ForexRobots\windows_dll\GreenZoneFxEAnalyzer\GreenZoneFxEngine\Trading\EnvironmentRuntime.cs:line 74
   at GreenZoneFxEngine.Trading.EnvironmentRuntime..ctor(String envId) in F:\workspaces\general_web\ForexRobots\windows_dll\GreenZoneFxEAnalyzer\GreenZoneFxEngine\Trading\EnvironmentRuntime.cs:line 55
   at UnitTests.Mt4FileUtilTest.CsvSeekAppendTest() in F:\workspaces\general_web\ForexRobots\windows_dll\GreenZoneFxEAnalyzer\UnitTests\Mt4FileUtilTest.cs:line 195
</StackTrace>
        </ErrorInfo>
      </Output>
    </UnitTestResult>
  </Results>
</TestRun>