<?xml version="1.0" encoding="UTF-8"?>
<TestRun id="8a369bba-658c-4fc0-8cfc-fa3b47713c24" name="en@JAVITO 2013-03-23 12:09:57" runUser="JAVITO\en" xmlns="http://microsoft.com/schemas/VisualStudio/TeamTest/2010">
  <TestSettings name="Local" id="2c2fb43d-b731-4a7e-9ecb-951d09d9071d">
    <Description>These are default test settings for a local test run.</Description>
    <Deployment enabled="false" runDeploymentRoot="en_JAVITO 2013-03-23 12_09_57">
      <DeploymentItem filename="F:\workspaces\general_web\ForexRobots\windows_dll\GreenZoneFxEAnalyzer\GreenZoneFxEAnalyzer\bin\Debug\GreenZoneFxEAnalyzer.dll" />
      <DeploymentItem filename="F:\workspaces\general_web\ForexRobots\windows_dll\GreenZoneFxEAnalyzer\GreenZoneFxEngine\bin\Debug\GreenZoneFxEngine.dll" />
    </Deployment>
    <Execution>
      <TestTypeSpecific />
      <AgentRule name="Execution Agents">
      </AgentRule>
    </Execution>
  </TestSettings>
  <Times creation="2013-03-23T12:09:57.8906250+01:00" queuing="2013-03-23T12:10:02.0000000+01:00" start="2013-03-23T12:10:02.1718750+01:00" finish="2013-03-23T12:10:03.9687500+01:00" />
  <ResultSummary outcome="Failed">
    <Counters total="6" executed="6" passed="1" error="0" failed="5" timeout="0" aborted="0" inconclusive="0" passedButRunAborted="0" notRunnable="0" notExecuted="0" disconnected="0" warning="0" completed="0" inProgress="0" pending="0" />
  </ResultSummary>
  <TestDefinitions>
    <UnitTest name="BinarySeekAppendTest" storage="f:\workspaces\general_web\forexrobots\windows_dll\greenzonefxeanalyzer\unittests\bin\debug\unittests.dll" id="624d876a-01b6-5ac5-df80-e8d9c50d4500">
      <Execution id="afe4200c-f6eb-47eb-86d8-7a6635f9512c" />
      <TestMethod codeBase="F:/workspaces/general_web/ForexRobots/windows_dll/GreenZoneFxEAnalyzer/UnitTests/bin/Debug/UnitTests.DLL" adapterTypeName="Microsoft.VisualStudio.TestTools.TestTypes.Unit.UnitTestAdapter, Microsoft.VisualStudio.QualityTools.Tips.UnitTest.Adapter, Version=10.0.0.0, Culture=neutral, PublicKeyToken=b03f5f7f11d50a3a" className="UnitTests.Mt4FileUtilTest, UnitTests, Version=1.0.0.0, Culture=neutral, PublicKeyToken=null" name="BinarySeekAppendTest" />
    </UnitTest>
    <UnitTest name="CsvRWTest" storage="f:\workspaces\general_web\forexrobots\windows_dll\greenzonefxeanalyzer\unittests\bin\debug\unittests.dll" id="51176f26-fc54-5355-1438-b0cd8241af1f">
      <Execution id="66b6bebc-64a5-4d87-801a-1d08f1edbc38" />
      <TestMethod codeBase="F:/workspaces/general_web/ForexRobots/windows_dll/GreenZoneFxEAnalyzer/UnitTests/bin/Debug/UnitTests.DLL" adapterTypeName="Microsoft.VisualStudio.TestTools.TestTypes.Unit.UnitTestAdapter, Microsoft.VisualStudio.QualityTools.Tips.UnitTest.Adapter, Version=10.0.0.0, Culture=neutral, PublicKeyToken=b03f5f7f11d50a3a" className="UnitTests.Mt4FileUtilTest, UnitTests, Version=1.0.0.0, Culture=neutral, PublicKeyToken=null" name="CsvRWTest" />
    </UnitTest>
    <UnitTest name="datetime" storage="f:\workspaces\general_web\forexrobots\windows_dll\greenzonefxeanalyzer\unittests\bin\debug\unittests.dll" id="3ece3637-02f2-b9a7-cf44-8cad9965f457">
      <Execution id="02c81815-f52c-4442-aa0f-9e31e912eed8" />
      <TestMethod codeBase="F:/workspaces/general_web/ForexRobots/windows_dll/GreenZoneFxEAnalyzer/UnitTests/bin/Debug/UnitTests.DLL" adapterTypeName="Microsoft.VisualStudio.TestTools.TestTypes.Unit.UnitTestAdapter, Microsoft.VisualStudio.QualityTools.Tips.UnitTest.Adapter, Version=10.0.0.0, Culture=neutral, PublicKeyToken=b03f5f7f11d50a3a" className="UnitTests.TypesTest, UnitTests, Version=1.0.0.0, Culture=neutral, PublicKeyToken=null" name="datetime" />
    </UnitTest>
    <UnitTest name="BinaryRWTest1" storage="f:\workspaces\general_web\forexrobots\windows_dll\greenzonefxeanalyzer\unittests\bin\debug\unittests.dll" id="a7785222-8bf0-85bd-0721-ed354a9eff36">
      <Execution id="c1b5acb8-b85b-4f5c-b3ef-26978e4d0570" />
      <TestMethod codeBase="F:/workspaces/general_web/ForexRobots/windows_dll/GreenZoneFxEAnalyzer/UnitTests/bin/Debug/UnitTests.DLL" adapterTypeName="Microsoft.VisualStudio.TestTools.TestTypes.Unit.UnitTestAdapter, Microsoft.VisualStudio.QualityTools.Tips.UnitTest.Adapter, Version=10.0.0.0, Culture=neutral, PublicKeyToken=b03f5f7f11d50a3a" className="UnitTests.Mt4FileUtilTest, UnitTests, Version=1.0.0.0, Culture=neutral, PublicKeyToken=null" name="BinaryRWTest1" />
    </UnitTest>
    <UnitTest name="CsvSeekAppendTest" storage="f:\workspaces\general_web\forexrobots\windows_dll\greenzonefxeanalyzer\unittests\bin\debug\unittests.dll" id="e201862c-f08e-f4c1-f1f5-9317e0ea1ebb">
      <Execution id="0379a723-d8ea-401a-b279-db35f5bb0265" />
      <TestMethod codeBase="F:/workspaces/general_web/ForexRobots/windows_dll/GreenZoneFxEAnalyzer/UnitTests/bin/Debug/UnitTests.DLL" adapterTypeName="Microsoft.VisualStudio.TestTools.TestTypes.Unit.UnitTestAdapter, Microsoft.VisualStudio.QualityTools.Tips.UnitTest.Adapter, Version=10.0.0.0, Culture=neutral, PublicKeyToken=b03f5f7f11d50a3a" className="UnitTests.Mt4FileUtilTest, UnitTests, Version=1.0.0.0, Culture=neutral, PublicKeyToken=null" name="CsvSeekAppendTest" />
    </UnitTest>
    <UnitTest name="BinaryRWTest2" storage="f:\workspaces\general_web\forexrobots\windows_dll\greenzonefxeanalyzer\unittests\bin\debug\unittests.dll" id="4742e815-c122-f259-96af-62b1d64fba4c">
      <Execution id="83c82392-0d7c-4a1a-aa25-e9c49dfb5190" />
      <TestMethod codeBase="F:/workspaces/general_web/ForexRobots/windows_dll/GreenZoneFxEAnalyzer/UnitTests/bin/Debug/UnitTests.DLL" adapterTypeName="Microsoft.VisualStudio.TestTools.TestTypes.Unit.UnitTestAdapter, Microsoft.VisualStudio.QualityTools.Tips.UnitTest.Adapter, Version=10.0.0.0, Culture=neutral, PublicKeyToken=b03f5f7f11d50a3a" className="UnitTests.Mt4FileUtilTest, UnitTests, Version=1.0.0.0, Culture=neutral, PublicKeyToken=null" name="BinaryRWTest2" />
    </UnitTest>
  </TestDefinitions>
  <TestLists>
    <TestList name="Results Not in a List" id="8c84fa94-04c1-424b-9868-57a2d4851a1d" />
    <TestList name="All Loaded Results" id="19431567-8539-422a-85d7-44ee4e166bda" />
  </TestLists>
  <TestEntries>
    <TestEntry testId="3ece3637-02f2-b9a7-cf44-8cad9965f457" executionId="02c81815-f52c-4442-aa0f-9e31e912eed8" testListId="8c84fa94-04c1-424b-9868-57a2d4851a1d" />
    <TestEntry testId="4742e815-c122-f259-96af-62b1d64fba4c" executionId="83c82392-0d7c-4a1a-aa25-e9c49dfb5190" testListId="8c84fa94-04c1-424b-9868-57a2d4851a1d" />
    <TestEntry testId="51176f26-fc54-5355-1438-b0cd8241af1f" executionId="66b6bebc-64a5-4d87-801a-1d08f1edbc38" testListId="8c84fa94-04c1-424b-9868-57a2d4851a1d" />
    <TestEntry testId="624d876a-01b6-5ac5-df80-e8d9c50d4500" executionId="afe4200c-f6eb-47eb-86d8-7a6635f9512c" testListId="8c84fa94-04c1-424b-9868-57a2d4851a1d" />
    <TestEntry testId="a7785222-8bf0-85bd-0721-ed354a9eff36" executionId="c1b5acb8-b85b-4f5c-b3ef-26978e4d0570" testListId="8c84fa94-04c1-424b-9868-57a2d4851a1d" />
    <TestEntry testId="e201862c-f08e-f4c1-f1f5-9317e0ea1ebb" executionId="0379a723-d8ea-401a-b279-db35f5bb0265" testListId="8c84fa94-04c1-424b-9868-57a2d4851a1d" />
  </TestEntries>
  <Results>
    <UnitTestResult executionId="02c81815-f52c-4442-aa0f-9e31e912eed8" testId="3ece3637-02f2-b9a7-cf44-8cad9965f457" testName="datetime" computerName="JAVITO" duration="00:00:00.0283395" startTime="2013-03-23T12:10:02.2031250+01:00" endTime="2013-03-23T12:10:02.9531250+01:00" testType="13cdc9d9-ddb5-4fa4-a97d-d965ccfc6d4b" outcome="Passed" testListId="8c84fa94-04c1-424b-9868-57a2d4851a1d" relativeResultsDirectory="02c81815-f52c-4442-aa0f-9e31e912eed8">
    </UnitTestResult>
    <UnitTestResult executionId="83c82392-0d7c-4a1a-aa25-e9c49dfb5190" testId="4742e815-c122-f259-96af-62b1d64fba4c" testName="BinaryRWTest2" computerName="JAVITO" duration="00:00:00.7488137" startTime="2013-03-23T12:10:02.9687500+01:00" endTime="2013-03-23T12:10:03.7187500+01:00" testType="13cdc9d9-ddb5-4fa4-a97d-d965ccfc6d4b" outcome="Failed" testListId="8c84fa94-04c1-424b-9868-57a2d4851a1d" relativeResultsDirectory="83c82392-0d7c-4a1a-aa25-e9c49dfb5190">
      <Output>
        <ErrorInfo>
          <Message>Test method UnitTests.Mt4FileUtilTest.BinaryRWTest2 threw exception: 
System.Reflection.ReflectionTypeLoadException: Unable to load one or more of the requested types. Retrieve the LoaderExceptions property for more information.</Message>
          <StackTrace>    at System.Reflection.RuntimeModule.GetTypes(RuntimeModule module)
   at System.Reflection.RuntimeModule.GetTypes()
   at System.Reflection.Assembly.GetTypes()
   at GreenZoneUtil.Util.GreenZoneUtils.GetNamespaceClasses(Assembly _asm, String nameSpace, Type[] attributeTypes) in F:\workspaces\general_web\ForexRobots\windows_dll\GreenZoneFxEAnalyzer\GreenZoneUtils\Util\Utils.cs:line 201
   at GreenZoneFxEngine.Trading.EnvironmentRuntime.registerSystemExecutables() in F:\workspaces\general_web\ForexRobots\windows_dll\GreenZoneFxEAnalyzer\GreenZoneFxEngine\Trading\EnvironmentRuntime.cs:line 74
   at GreenZoneFxEngine.Trading.EnvironmentRuntime..ctor(String envId) in F:\workspaces\general_web\ForexRobots\windows_dll\GreenZoneFxEAnalyzer\GreenZoneFxEngine\Trading\EnvironmentRuntime.cs:line 55
   at UnitTests.Mt4FileUtilTest.BinaryRWTest2() in F:\workspaces\general_web\ForexRobots\windows_dll\GreenZoneFxEAnalyzer\UnitTests\Mt4FileUtilTest.cs:line 442
</StackTrace>
        </ErrorInfo>
      </Output>
    </UnitTestResult>
    <UnitTestResult executionId="66b6bebc-64a5-4d87-801a-1d08f1edbc38" testId="51176f26-fc54-5355-1438-b0cd8241af1f" testName="CsvRWTest" computerName="JAVITO" duration="00:00:00.0422971" startTime="2013-03-23T12:10:03.7187500+01:00" endTime="2013-03-23T12:10:03.7656250+01:00" testType="13cdc9d9-ddb5-4fa4-a97d-d965ccfc6d4b" outcome="Failed" testListId="8c84fa94-04c1-424b-9868-57a2d4851a1d" relativeResultsDirectory="66b6bebc-64a5-4d87-801a-1d08f1edbc38">
      <Output>
        <ErrorInfo>
          <Message>Test method UnitTests.Mt4FileUtilTest.CsvRWTest threw exception: 
System.Reflection.ReflectionTypeLoadException: Unable to load one or more of the requested types. Retrieve the LoaderExceptions property for more information.</Message>
          <StackTrace>    at System.Reflection.RuntimeModule.GetTypes(RuntimeModule module)
   at System.Reflection.RuntimeModule.GetTypes()
   at System.Reflection.Assembly.GetTypes()
   at GreenZoneUtil.Util.GreenZoneUtils.GetNamespaceClasses(Assembly _asm, String nameSpace, Type[] attributeTypes) in F:\workspaces\general_web\ForexRobots\windows_dll\GreenZoneFxEAnalyzer\GreenZoneUtils\Util\Utils.cs:line 201
   at GreenZoneFxEngine.Trading.EnvironmentRuntime.registerSystemExecutables() in F:\workspaces\general_web\ForexRobots\windows_dll\GreenZoneFxEAnalyzer\GreenZoneFxEngine\Trading\EnvironmentRuntime.cs:line 74
   at GreenZoneFxEngine.Trading.EnvironmentRuntime..ctor(String envId) in F:\workspaces\general_web\ForexRobots\windows_dll\GreenZoneFxEAnalyzer\GreenZoneFxEngine\Trading\EnvironmentRuntime.cs:line 55
   at UnitTests.Mt4FileUtilTest.CsvRWTest() in F:\workspaces\general_web\ForexRobots\windows_dll\GreenZoneFxEAnalyzer\UnitTests\Mt4FileUtilTest.cs:line 74
</StackTrace>
        </ErrorInfo>
      </Output>
    </UnitTestResult>
    <UnitTestResult executionId="afe4200c-f6eb-47eb-86d8-7a6635f9512c" testId="624d876a-01b6-5ac5-df80-e8d9c50d4500" testName="BinarySeekAppendTest" computerName="JAVITO" duration="00:00:00.0436687" startTime="2013-03-23T12:10:03.7812500+01:00" endTime="2013-03-23T12:10:03.8281250+01:00" testType="13cdc9d9-ddb5-4fa4-a97d-d965ccfc6d4b" outcome="Failed" testListId="8c84fa94-04c1-424b-9868-57a2d4851a1d" relativeResultsDirectory="afe4200c-f6eb-47eb-86d8-7a6635f9512c">
      <Output>
        <ErrorInfo>
          <Message>Test method UnitTests.Mt4FileUtilTest.BinarySeekAppendTest threw exception: 
System.Reflection.ReflectionTypeLoadException: Unable to load one or more of the requested types. Retrieve the LoaderExceptions property for more information.</Message>
          <StackTrace>    at System.Reflection.RuntimeModule.GetTypes(RuntimeModule module)
   at System.Reflection.RuntimeModule.GetTypes()
   at System.Reflection.Assembly.GetTypes()
   at GreenZoneUtil.Util.GreenZoneUtils.GetNamespaceClasses(Assembly _asm, String nameSpace, Type[] attributeTypes) in F:\workspaces\general_web\ForexRobots\windows_dll\GreenZoneFxEAnalyzer\GreenZoneUtils\Util\Utils.cs:line 201
   at GreenZoneFxEngine.Trading.EnvironmentRuntime.registerSystemExecutables() in F:\workspaces\general_web\ForexRobots\windows_dll\GreenZoneFxEAnalyzer\GreenZoneFxEngine\Trading\EnvironmentRuntime.cs:line 74
   at GreenZoneFxEngine.Trading.EnvironmentRuntime..ctor(String envId) in F:\workspaces\general_web\ForexRobots\windows_dll\GreenZoneFxEAnalyzer\GreenZoneFxEngine\Trading\EnvironmentRuntime.cs:line 55
   at UnitTests.Mt4FileUtilTest.BinarySeekAppendTest() in F:\workspaces\general_web\ForexRobots\windows_dll\GreenZoneFxEAnalyzer\UnitTests\Mt4FileUtilTest.cs:line 505
</StackTrace>
        </ErrorInfo>
      </Output>
    </UnitTestResult>
    <UnitTestResult executionId="c1b5acb8-b85b-4f5c-b3ef-26978e4d0570" testId="a7785222-8bf0-85bd-0721-ed354a9eff36" testName="BinaryRWTest1" computerName="JAVITO" duration="00:00:00.0404559" startTime="2013-03-23T12:10:03.8281250+01:00" endTime="2013-03-23T12:10:03.8750000+01:00" testType="13cdc9d9-ddb5-4fa4-a97d-d965ccfc6d4b" outcome="Failed" testListId="8c84fa94-04c1-424b-9868-57a2d4851a1d" relativeResultsDirectory="c1b5acb8-b85b-4f5c-b3ef-26978e4d0570">
      <Output>
        <ErrorInfo>
          <Message>Test method UnitTests.Mt4FileUtilTest.BinaryRWTest1 threw exception: 
System.Reflection.ReflectionTypeLoadException: Unable to load one or more of the requested types. Retrieve the LoaderExceptions property for more information.</Message>
          <StackTrace>    at System.Reflection.RuntimeModule.GetTypes(RuntimeModule module)
   at System.Reflection.RuntimeModule.GetTypes()
   at System.Reflection.Assembly.GetTypes()
   at GreenZoneUtil.Util.GreenZoneUtils.GetNamespaceClasses(Assembly _asm, String nameSpace, Type[] attributeTypes) in F:\workspaces\general_web\ForexRobots\windows_dll\GreenZoneFxEAnalyzer\GreenZoneUtils\Util\Utils.cs:line 201
   at GreenZoneFxEngine.Trading.EnvironmentRuntime.registerSystemExecutables() in F:\workspaces\general_web\ForexRobots\windows_dll\GreenZoneFxEAnalyzer\GreenZoneFxEngine\Trading\EnvironmentRuntime.cs:line 74
   at GreenZoneFxEngine.Trading.EnvironmentRuntime..ctor(String envId) in F:\workspaces\general_web\ForexRobots\windows_dll\GreenZoneFxEAnalyzer\GreenZoneFxEngine\Trading\EnvironmentRuntime.cs:line 55
   at UnitTests.Mt4FileUtilTest.BinaryRWTest1() in F:\workspaces\general_web\ForexRobots\windows_dll\GreenZoneFxEAnalyzer\UnitTests\Mt4FileUtilTest.cs:line 376
</StackTrace>
        </ErrorInfo>
      </Output>
    </UnitTestResult>
    <UnitTestResult executionId="0379a723-d8ea-401a-b279-db35f5bb0265" testId="e201862c-f08e-f4c1-f1f5-9317e0ea1ebb" testName="CsvSeekAppendTest" computerName="JAVITO" duration="00:00:00.0441384" startTime="2013-03-23T12:10:03.8750000+01:00" endTime="2013-03-23T12:10:03.9218750+01:00" testType="13cdc9d9-ddb5-4fa4-a97d-d965ccfc6d4b" outcome="Failed" testListId="8c84fa94-04c1-424b-9868-57a2d4851a1d" relativeResultsDirectory="0379a723-d8ea-401a-b279-db35f5bb0265">
      <Output>
        <ErrorInfo>
          <Message>Test method UnitTests.Mt4FileUtilTest.CsvSeekAppendTest threw exception: 
System.Reflection.ReflectionTypeLoadException: Unable to load one or more of the requested types. Retrieve the LoaderExceptions property for more information.</Message>
          <StackTrace>    at System.Reflection.RuntimeModule.GetTypes(RuntimeModule module)
   at System.Reflection.RuntimeModule.GetTypes()
   at System.Reflection.Assembly.GetTypes()
   at GreenZoneUtil.Util.GreenZoneUtils.GetNamespaceClasses(Assembly _asm, String nameSpace, Type[] attributeTypes) in F:\workspaces\general_web\ForexRobots\windows_dll\GreenZoneFxEAnalyzer\GreenZoneUtils\Util\Utils.cs:line 201
   at GreenZoneFxEngine.Trading.EnvironmentRuntime.registerSystemExecutables() in F:\workspaces\general_web\ForexRobots\windows_dll\GreenZoneFxEAnalyzer\GreenZoneFxEngine\Trading\EnvironmentRuntime.cs:line 74
   at GreenZoneFxEngine.Trading.EnvironmentRuntime..ctor(String envId) in F:\workspaces\general_web\ForexRobots\windows_dll\GreenZoneFxEAnalyzer\GreenZoneFxEngine\Trading\EnvironmentRuntime.cs:line 55
   at UnitTests.Mt4FileUtilTest.CsvSeekAppendTest() in F:\workspaces\general_web\ForexRobots\windows_dll\GreenZoneFxEAnalyzer\UnitTests\Mt4FileUtilTest.cs:line 195
</StackTrace>
        </ErrorInfo>
      </Output>
    </UnitTestResult>
  </Results>
</TestRun>