<?xml version="1.0" encoding="UTF-8"?>
<TestRun id="509f6a8c-d64c-48f7-b0eb-3f846041c78b" name="en@JAVITO 2013-02-14 13:17:45" runUser="JAVITO\en" xmlns="http://microsoft.com/schemas/VisualStudio/TeamTest/2010">
  <TestSettings name="Local" id="2c2fb43d-b731-4a7e-9ecb-951d09d9071d">
    <Description>These are default test settings for a local test run.</Description>
    <Deployment enabled="false" runDeploymentRoot="en_JAVITO 2013-02-14 13_17_45">
      <DeploymentItem filename="F:\workspaces\general_web\ForexRobots\windows_dll\GreenZoneFxEAnalyzer\GreenZoneFxEAnalyzer\bin\Debug\GreenZoneFxEAnalyzer.exe" />
    </Deployment>
    <Execution>
      <TestTypeSpecific />
      <AgentRule name="Execution Agents">
      </AgentRule>
    </Execution>
  </TestSettings>
  <Times creation="2013-02-14T13:17:45.6875000+01:00" queuing="2013-02-14T13:17:45.7187500+01:00" start="2013-02-14T13:17:45.7343750+01:00" finish="2013-02-14T13:17:59.7968750+01:00" />
  <ResultSummary outcome="Failed">
    <Counters total="1" executed="1" error="0" failed="1" timeout="0" aborted="0" inconclusive="0" passedButRunAborted="0" notRunnable="0" notExecuted="0" disconnected="0" warning="0" passed="0" completed="0" inProgress="0" pending="0" />
  </ResultSummary>
  <TestDefinitions>
    <UnitTest name="BinaryRWTest1" storage="f:\workspaces\general_web\forexrobots\windows_dll\greenzonefxeanalyzer\unittests\bin\debug\unittests.dll" id="a7785222-8bf0-85bd-0721-ed354a9eff36">
      <Execution id="3eebca77-bf82-429d-8083-fa64e2840e9c" />
      <TestMethod codeBase="F:/workspaces/general_web/ForexRobots/windows_dll/GreenZoneFxEAnalyzer/UnitTests/bin/Debug/UnitTests.DLL" adapterTypeName="Microsoft.VisualStudio.TestTools.TestTypes.Unit.UnitTestAdapter, Microsoft.VisualStudio.QualityTools.Tips.UnitTest.Adapter, Version=10.0.0.0, Culture=neutral, PublicKeyToken=b03f5f7f11d50a3a" className="UnitTests.Mt4FileUtilTest, UnitTests, Version=1.0.0.0, Culture=neutral, PublicKeyToken=null" name="BinaryRWTest1" />
    </UnitTest>
  </TestDefinitions>
  <TestLists>
    <TestList name="Results Not in a List" id="8c84fa94-04c1-424b-9868-57a2d4851a1d" />
    <TestList name="All Loaded Results" id="19431567-8539-422a-85d7-44ee4e166bda" />
  </TestLists>
  <TestEntries>
    <TestEntry testId="a7785222-8bf0-85bd-0721-ed354a9eff36" executionId="3eebca77-bf82-429d-8083-fa64e2840e9c" testListId="8c84fa94-04c1-424b-9868-57a2d4851a1d" />
  </TestEntries>
  <Results>
    <UnitTestResult executionId="3eebca77-bf82-429d-8083-fa64e2840e9c" testId="a7785222-8bf0-85bd-0721-ed354a9eff36" testName="BinaryRWTest1" computerName="JAVITO" duration="00:00:13.8139980" startTime="2013-02-14T13:17:45.7343750+01:00" endTime="2013-02-14T13:17:59.7812500+01:00" testType="13cdc9d9-ddb5-4fa4-a97d-d965ccfc6d4b" outcome="Failed" testListId="8c84fa94-04c1-424b-9868-57a2d4851a1d" relativeResultsDirectory="3eebca77-bf82-429d-8083-fa64e2840e9c">
      <Output>
        <ErrorInfo>
          <Message>Assert.AreEqual failed. Expected:&lt;2012.05.01 00:00:01.345,1.32398,1.32387,2.25,1.5&gt;. Actual:&lt;2012.05.01 00:00:01.345,1.32398,1.3&gt;. Content mismatch  col1 != col2   R:85 R2:70</Message>
          <StackTrace>   at UnitTests.Mt4FileUtilTest.BinaryRWTest1() in F:\workspaces\general_web\ForexRobots\windows_dll\GreenZoneFxEAnalyzer\UnitTests\Mt4FileUtilTest.cs:line 420
</StackTrace>
        </ErrorInfo>
      </Output>
    </UnitTestResult>
  </Results>
</TestRun>