<?xml version="1.0" encoding="UTF-8"?>
<TestRun id="2af9fea3-ad88-44e4-a9a5-262cb64babaf" name="en@JAVITO 2013-03-18 23:43:04" runUser="JAVITO\en" xmlns="http://microsoft.com/schemas/VisualStudio/TeamTest/2010">
  <TestSettings name="Local" id="2c2fb43d-b731-4a7e-9ecb-951d09d9071d">
    <Description>These are default test settings for a local test run.</Description>
    <Deployment enabled="false" runDeploymentRoot="en_JAVITO 2013-03-18 23_43_04">
      <DeploymentItem filename="F:\workspaces\general_web\ForexRobots\windows_dll\GreenZoneFxEAnalyzer\GreenZoneFxEAnalyzer\bin\Debug\GreenZoneFxEAnalyzer.dll" />
      <DeploymentItem filename="F:\workspaces\general_web\ForexRobots\windows_dll\GreenZoneFxEAnalyzer\GreenZoneFxEngine\bin\Debug\GreenZoneFxEngine.dll" />
    </Deployment>
    <Execution>
      <TestTypeSpecific />
      <AgentRule name="Execution Agents">
      </AgentRule>
    </Execution>
  </TestSettings>
  <Times creation="2013-03-18T23:43:04.8117500+01:00" queuing="2013-03-18T23:43:09.1398750+01:00" start="2013-03-18T23:43:09.4211250+01:00" finish="2013-03-18T23:43:11.4836250+01:00" />
  <ResultSummary outcome="Failed">
    <Counters total="6" executed="6" passed="1" error="0" failed="5" timeout="0" aborted="0" inconclusive="0" passedButRunAborted="0" notRunnable="0" notExecuted="0" disconnected="0" warning="0" completed="0" inProgress="0" pending="0" />
  </ResultSummary>
  <TestDefinitions>
    <UnitTest name="BinarySeekAppendTest" storage="f:\workspaces\general_web\forexrobots\windows_dll\greenzonefxeanalyzer\unittests\bin\debug\unittests.dll" id="624d876a-01b6-5ac5-df80-e8d9c50d4500">
      <Execution id="229c1ec0-2d3d-482f-ba3a-55e3aa220383" />
      <TestMethod codeBase="F:/workspaces/general_web/ForexRobots/windows_dll/GreenZoneFxEAnalyzer/UnitTests/bin/Debug/UnitTests.DLL" adapterTypeName="Microsoft.VisualStudio.TestTools.TestTypes.Unit.UnitTestAdapter, Microsoft.VisualStudio.QualityTools.Tips.UnitTest.Adapter, Version=10.0.0.0, Culture=neutral, PublicKeyToken=b03f5f7f11d50a3a" className="UnitTests.Mt4FileUtilTest, UnitTests, Version=1.0.0.0, Culture=neutral, PublicKeyToken=null" name="BinarySeekAppendTest" />
    </UnitTest>
    <UnitTest name="CsvRWTest" storage="f:\workspaces\general_web\forexrobots\windows_dll\greenzonefxeanalyzer\unittests\bin\debug\unittests.dll" id="51176f26-fc54-5355-1438-b0cd8241af1f">
      <Execution id="caed0b73-abb8-4006-a720-a266e55ba79e" />
      <TestMethod codeBase="F:/workspaces/general_web/ForexRobots/windows_dll/GreenZoneFxEAnalyzer/UnitTests/bin/Debug/UnitTests.DLL" adapterTypeName="Microsoft.VisualStudio.TestTools.TestTypes.Unit.UnitTestAdapter, Microsoft.VisualStudio.QualityTools.Tips.UnitTest.Adapter, Version=10.0.0.0, Culture=neutral, PublicKeyToken=b03f5f7f11d50a3a" className="UnitTests.Mt4FileUtilTest, UnitTests, Version=1.0.0.0, Culture=neutral, PublicKeyToken=null" name="CsvRWTest" />
    </UnitTest>
    <UnitTest name="datetime" storage="f:\workspaces\general_web\forexrobots\windows_dll\greenzonefxeanalyzer\unittests\bin\debug\unittests.dll" id="3ece3637-02f2-b9a7-cf44-8cad9965f457">
      <Execution id="37dd9bbb-58c9-4c04-a257-237d9eebc3c2" />
      <TestMethod codeBase="F:/workspaces/general_web/ForexRobots/windows_dll/GreenZoneFxEAnalyzer/UnitTests/bin/Debug/UnitTests.DLL" adapterTypeName="Microsoft.VisualStudio.TestTools.TestTypes.Unit.UnitTestAdapter, Microsoft.VisualStudio.QualityTools.Tips.UnitTest.Adapter, Version=10.0.0.0, Culture=neutral, PublicKeyToken=b03f5f7f11d50a3a" className="UnitTests.TypesTest, UnitTests, Version=1.0.0.0, Culture=neutral, PublicKeyToken=null" name="datetime" />
    </UnitTest>
    <UnitTest name="BinaryRWTest1" storage="f:\workspaces\general_web\forexrobots\windows_dll\greenzonefxeanalyzer\unittests\bin\debug\unittests.dll" id="a7785222-8bf0-85bd-0721-ed354a9eff36">
      <Execution id="c97d98dd-9282-4d95-bb03-27a7357538c4" />
      <TestMethod codeBase="F:/workspaces/general_web/ForexRobots/windows_dll/GreenZoneFxEAnalyzer/UnitTests/bin/Debug/UnitTests.DLL" adapterTypeName="Microsoft.VisualStudio.TestTools.TestTypes.Unit.UnitTestAdapter, Microsoft.VisualStudio.QualityTools.Tips.UnitTest.Adapter, Version=10.0.0.0, Culture=neutral, PublicKeyToken=b03f5f7f11d50a3a" className="UnitTests.Mt4FileUtilTest, UnitTests, Version=1.0.0.0, Culture=neutral, PublicKeyToken=null" name="BinaryRWTest1" />
    </UnitTest>
    <UnitTest name="CsvSeekAppendTest" storage="f:\workspaces\general_web\forexrobots\windows_dll\greenzonefxeanalyzer\unittests\bin\debug\unittests.dll" id="e201862c-f08e-f4c1-f1f5-9317e0ea1ebb">
      <Execution id="2f704ccc-6b8d-4c1e-a124-04a6fbadd464" />
      <TestMethod codeBase="F:/workspaces/general_web/ForexRobots/windows_dll/GreenZoneFxEAnalyzer/UnitTests/bin/Debug/UnitTests.DLL" adapterTypeName="Microsoft.VisualStudio.TestTools.TestTypes.Unit.UnitTestAdapter, Microsoft.VisualStudio.QualityTools.Tips.UnitTest.Adapter, Version=10.0.0.0, Culture=neutral, PublicKeyToken=b03f5f7f11d50a3a" className="UnitTests.Mt4FileUtilTest, UnitTests, Version=1.0.0.0, Culture=neutral, PublicKeyToken=null" name="CsvSeekAppendTest" />
    </UnitTest>
    <UnitTest name="BinaryRWTest2" storage="f:\workspaces\general_web\forexrobots\windows_dll\greenzonefxeanalyzer\unittests\bin\debug\unittests.dll" id="4742e815-c122-f259-96af-62b1d64fba4c">
      <Execution id="3ea24525-2b20-4226-b9bf-1c294c879d1c" />
      <TestMethod codeBase="F:/workspaces/general_web/ForexRobots/windows_dll/GreenZoneFxEAnalyzer/UnitTests/bin/Debug/UnitTests.DLL" adapterTypeName="Microsoft.VisualStudio.TestTools.TestTypes.Unit.UnitTestAdapter, Microsoft.VisualStudio.QualityTools.Tips.UnitTest.Adapter, Version=10.0.0.0, Culture=neutral, PublicKeyToken=b03f5f7f11d50a3a" className="UnitTests.Mt4FileUtilTest, UnitTests, Version=1.0.0.0, Culture=neutral, PublicKeyToken=null" name="BinaryRWTest2" />
    </UnitTest>
  </TestDefinitions>
  <TestLists>
    <TestList name="Results Not in a List" id="8c84fa94-04c1-424b-9868-57a2d4851a1d" />
    <TestList name="All Loaded Results" id="19431567-8539-422a-85d7-44ee4e166bda" />
  </TestLists>
  <TestEntries>
    <TestEntry testId="3ece3637-02f2-b9a7-cf44-8cad9965f457" executionId="37dd9bbb-58c9-4c04-a257-237d9eebc3c2" testListId="8c84fa94-04c1-424b-9868-57a2d4851a1d" />
    <TestEntry testId="4742e815-c122-f259-96af-62b1d64fba4c" executionId="3ea24525-2b20-4226-b9bf-1c294c879d1c" testListId="8c84fa94-04c1-424b-9868-57a2d4851a1d" />
    <TestEntry testId="51176f26-fc54-5355-1438-b0cd8241af1f" executionId="caed0b73-abb8-4006-a720-a266e55ba79e" testListId="8c84fa94-04c1-424b-9868-57a2d4851a1d" />
    <TestEntry testId="624d876a-01b6-5ac5-df80-e8d9c50d4500" executionId="229c1ec0-2d3d-482f-ba3a-55e3aa220383" testListId="8c84fa94-04c1-424b-9868-57a2d4851a1d" />
    <TestEntry testId="a7785222-8bf0-85bd-0721-ed354a9eff36" executionId="c97d98dd-9282-4d95-bb03-27a7357538c4" testListId="8c84fa94-04c1-424b-9868-57a2d4851a1d" />
    <TestEntry testId="e201862c-f08e-f4c1-f1f5-9317e0ea1ebb" executionId="2f704ccc-6b8d-4c1e-a124-04a6fbadd464" testListId="8c84fa94-04c1-424b-9868-57a2d4851a1d" />
  </TestEntries>
  <Results>
    <UnitTestResult executionId="37dd9bbb-58c9-4c04-a257-237d9eebc3c2" testId="3ece3637-02f2-b9a7-cf44-8cad9965f457" testName="datetime" computerName="JAVITO" duration="00:00:00.0597431" startTime="2013-03-18T23:43:09.7492500+01:00" endTime="2013-03-18T23:43:10.4367500+01:00" testType="13cdc9d9-ddb5-4fa4-a97d-d965ccfc6d4b" outcome="Passed" testListId="8c84fa94-04c1-424b-9868-57a2d4851a1d" relativeResultsDirectory="37dd9bbb-58c9-4c04-a257-237d9eebc3c2">
    </UnitTestResult>
    <UnitTestResult executionId="3ea24525-2b20-4226-b9bf-1c294c879d1c" testId="4742e815-c122-f259-96af-62b1d64fba4c" testName="BinaryRWTest2" computerName="JAVITO" duration="00:00:00.7473727" startTime="2013-03-18T23:43:10.4523750+01:00" endTime="2013-03-18T23:43:11.2023750+01:00" testType="13cdc9d9-ddb5-4fa4-a97d-d965ccfc6d4b" outcome="Failed" testListId="8c84fa94-04c1-424b-9868-57a2d4851a1d" relativeResultsDirectory="3ea24525-2b20-4226-b9bf-1c294c879d1c">
      <Output>
        <ErrorInfo>
          <Message>Test method UnitTests.Mt4FileUtilTest.BinaryRWTest2 threw exception: 
System.Reflection.ReflectionTypeLoadException: Unable to load one or more of the requested types. Retrieve the LoaderExceptions property for more information.</Message>
          <StackTrace>    at System.Reflection.RuntimeModule.GetTypes(RuntimeModule module)
   at System.Reflection.RuntimeModule.GetTypes()
   at System.Reflection.Assembly.GetTypes()
   at GreenZoneUtil.Util.GreenZoneUtils.GetNamespaceClasses(Assembly _asm, String nameSpace, Type[] attributeTypes) in F:\workspaces\general_web\ForexRobots\windows_dll\GreenZoneFxEAnalyzer\GreenZoneUtils\Util\Utils.cs:line 156
   at GreenZoneFxEAnalyzer.Trading.EnvironmentRuntime.registerSystemExecutables() in F:\workspaces\general_web\ForexRobots\windows_dll\GreenZoneFxEAnalyzer\GreenZoneFxEngine\Trading\EnvironmentRuntime.cs:line 78
   at GreenZoneFxEAnalyzer.Trading.EnvironmentRuntime..ctor(String envId) in F:\workspaces\general_web\ForexRobots\windows_dll\GreenZoneFxEAnalyzer\GreenZoneFxEngine\Trading\EnvironmentRuntime.cs:line 58
   at UnitTests.Mt4FileUtilTest.BinaryRWTest2() in F:\workspaces\general_web\ForexRobots\windows_dll\GreenZoneFxEAnalyzer\UnitTests\Mt4FileUtilTest.cs:line 442
</StackTrace>
        </ErrorInfo>
      </Output>
    </UnitTestResult>
    <UnitTestResult executionId="caed0b73-abb8-4006-a720-a266e55ba79e" testId="51176f26-fc54-5355-1438-b0cd8241af1f" testName="CsvRWTest" computerName="JAVITO" duration="00:00:00.0426905" startTime="2013-03-18T23:43:11.2023750+01:00" endTime="2013-03-18T23:43:11.2648750+01:00" testType="13cdc9d9-ddb5-4fa4-a97d-d965ccfc6d4b" outcome="Failed" testListId="8c84fa94-04c1-424b-9868-57a2d4851a1d" relativeResultsDirectory="caed0b73-abb8-4006-a720-a266e55ba79e">
      <Output>
        <ErrorInfo>
          <Message>Test method UnitTests.Mt4FileUtilTest.CsvRWTest threw exception: 
System.Reflection.ReflectionTypeLoadException: Unable to load one or more of the requested types. Retrieve the LoaderExceptions property for more information.</Message>
          <StackTrace>    at System.Reflection.RuntimeModule.GetTypes(RuntimeModule module)
   at System.Reflection.RuntimeModule.GetTypes()
   at System.Reflection.Assembly.GetTypes()
   at GreenZoneUtil.Util.GreenZoneUtils.GetNamespaceClasses(Assembly _asm, String nameSpace, Type[] attributeTypes) in F:\workspaces\general_web\ForexRobots\windows_dll\GreenZoneFxEAnalyzer\GreenZoneUtils\Util\Utils.cs:line 156
   at GreenZoneFxEAnalyzer.Trading.EnvironmentRuntime.registerSystemExecutables() in F:\workspaces\general_web\ForexRobots\windows_dll\GreenZoneFxEAnalyzer\GreenZoneFxEngine\Trading\EnvironmentRuntime.cs:line 78
   at GreenZoneFxEAnalyzer.Trading.EnvironmentRuntime..ctor(String envId) in F:\workspaces\general_web\ForexRobots\windows_dll\GreenZoneFxEAnalyzer\GreenZoneFxEngine\Trading\EnvironmentRuntime.cs:line 58
   at UnitTests.Mt4FileUtilTest.CsvRWTest() in F:\workspaces\general_web\ForexRobots\windows_dll\GreenZoneFxEAnalyzer\UnitTests\Mt4FileUtilTest.cs:line 74
</StackTrace>
        </ErrorInfo>
      </Output>
    </UnitTestResult>
    <UnitTestResult executionId="229c1ec0-2d3d-482f-ba3a-55e3aa220383" testId="624d876a-01b6-5ac5-df80-e8d9c50d4500" testName="BinarySeekAppendTest" computerName="JAVITO" duration="00:00:00.0434780" startTime="2013-03-18T23:43:11.2648750+01:00" endTime="2013-03-18T23:43:11.3117500+01:00" testType="13cdc9d9-ddb5-4fa4-a97d-d965ccfc6d4b" outcome="Failed" testListId="8c84fa94-04c1-424b-9868-57a2d4851a1d" relativeResultsDirectory="229c1ec0-2d3d-482f-ba3a-55e3aa220383">
      <Output>
        <ErrorInfo>
          <Message>Test method UnitTests.Mt4FileUtilTest.BinarySeekAppendTest threw exception: 
System.Reflection.ReflectionTypeLoadException: Unable to load one or more of the requested types. Retrieve the LoaderExceptions property for more information.</Message>
          <StackTrace>    at System.Reflection.RuntimeModule.GetTypes(RuntimeModule module)
   at System.Reflection.RuntimeModule.GetTypes()
   at System.Reflection.Assembly.GetTypes()
   at GreenZoneUtil.Util.GreenZoneUtils.GetNamespaceClasses(Assembly _asm, String nameSpace, Type[] attributeTypes) in F:\workspaces\general_web\ForexRobots\windows_dll\GreenZoneFxEAnalyzer\GreenZoneUtils\Util\Utils.cs:line 156
   at GreenZoneFxEAnalyzer.Trading.EnvironmentRuntime.registerSystemExecutables() in F:\workspaces\general_web\ForexRobots\windows_dll\GreenZoneFxEAnalyzer\GreenZoneFxEngine\Trading\EnvironmentRuntime.cs:line 78
   at GreenZoneFxEAnalyzer.Trading.EnvironmentRuntime..ctor(String envId) in F:\workspaces\general_web\ForexRobots\windows_dll\GreenZoneFxEAnalyzer\GreenZoneFxEngine\Trading\EnvironmentRuntime.cs:line 58
   at UnitTests.Mt4FileUtilTest.BinarySeekAppendTest() in F:\workspaces\general_web\ForexRobots\windows_dll\GreenZoneFxEAnalyzer\UnitTests\Mt4FileUtilTest.cs:line 505
</StackTrace>
        </ErrorInfo>
      </Output>
    </UnitTestResult>
    <UnitTestResult executionId="c97d98dd-9282-4d95-bb03-27a7357538c4" testId="a7785222-8bf0-85bd-0721-ed354a9eff36" testName="BinaryRWTest1" computerName="JAVITO" duration="00:00:00.0405227" startTime="2013-03-18T23:43:11.3117500+01:00" endTime="2013-03-18T23:43:11.3586250+01:00" testType="13cdc9d9-ddb5-4fa4-a97d-d965ccfc6d4b" outcome="Failed" testListId="8c84fa94-04c1-424b-9868-57a2d4851a1d" relativeResultsDirectory="c97d98dd-9282-4d95-bb03-27a7357538c4">
      <Output>
        <ErrorInfo>
          <Message>Test method UnitTests.Mt4FileUtilTest.BinaryRWTest1 threw exception: 
System.Reflection.ReflectionTypeLoadException: Unable to load one or more of the requested types. Retrieve the LoaderExceptions property for more information.</Message>
          <StackTrace>    at System.Reflection.RuntimeModule.GetTypes(RuntimeModule module)
   at System.Reflection.RuntimeModule.GetTypes()
   at System.Reflection.Assembly.GetTypes()
   at GreenZoneUtil.Util.GreenZoneUtils.GetNamespaceClasses(Assembly _asm, String nameSpace, Type[] attributeTypes) in F:\workspaces\general_web\ForexRobots\windows_dll\GreenZoneFxEAnalyzer\GreenZoneUtils\Util\Utils.cs:line 156
   at GreenZoneFxEAnalyzer.Trading.EnvironmentRuntime.registerSystemExecutables() in F:\workspaces\general_web\ForexRobots\windows_dll\GreenZoneFxEAnalyzer\GreenZoneFxEngine\Trading\EnvironmentRuntime.cs:line 78
   at GreenZoneFxEAnalyzer.Trading.EnvironmentRuntime..ctor(String envId) in F:\workspaces\general_web\ForexRobots\windows_dll\GreenZoneFxEAnalyzer\GreenZoneFxEngine\Trading\EnvironmentRuntime.cs:line 58
   at UnitTests.Mt4FileUtilTest.BinaryRWTest1() in F:\workspaces\general_web\ForexRobots\windows_dll\GreenZoneFxEAnalyzer\UnitTests\Mt4FileUtilTest.cs:line 376
</StackTrace>
        </ErrorInfo>
      </Output>
    </UnitTestResult>
    <UnitTestResult executionId="2f704ccc-6b8d-4c1e-a124-04a6fbadd464" testId="e201862c-f08e-f4c1-f1f5-9317e0ea1ebb" testName="CsvSeekAppendTest" computerName="JAVITO" duration="00:00:00.0436029" startTime="2013-03-18T23:43:11.3586250+01:00" endTime="2013-03-18T23:43:11.4211250+01:00" testType="13cdc9d9-ddb5-4fa4-a97d-d965ccfc6d4b" outcome="Failed" testListId="8c84fa94-04c1-424b-9868-57a2d4851a1d" relativeResultsDirectory="2f704ccc-6b8d-4c1e-a124-04a6fbadd464">
      <Output>
        <ErrorInfo>
          <Message>Test method UnitTests.Mt4FileUtilTest.CsvSeekAppendTest threw exception: 
System.Reflection.ReflectionTypeLoadException: Unable to load one or more of the requested types. Retrieve the LoaderExceptions property for more information.</Message>
          <StackTrace>    at System.Reflection.RuntimeModule.GetTypes(RuntimeModule module)
   at System.Reflection.RuntimeModule.GetTypes()
   at System.Reflection.Assembly.GetTypes()
   at GreenZoneUtil.Util.GreenZoneUtils.GetNamespaceClasses(Assembly _asm, String nameSpace, Type[] attributeTypes) in F:\workspaces\general_web\ForexRobots\windows_dll\GreenZoneFxEAnalyzer\GreenZoneUtils\Util\Utils.cs:line 156
   at GreenZoneFxEAnalyzer.Trading.EnvironmentRuntime.registerSystemExecutables() in F:\workspaces\general_web\ForexRobots\windows_dll\GreenZoneFxEAnalyzer\GreenZoneFxEngine\Trading\EnvironmentRuntime.cs:line 78
   at GreenZoneFxEAnalyzer.Trading.EnvironmentRuntime..ctor(String envId) in F:\workspaces\general_web\ForexRobots\windows_dll\GreenZoneFxEAnalyzer\GreenZoneFxEngine\Trading\EnvironmentRuntime.cs:line 58
   at UnitTests.Mt4FileUtilTest.CsvSeekAppendTest() in F:\workspaces\general_web\ForexRobots\windows_dll\GreenZoneFxEAnalyzer\UnitTests\Mt4FileUtilTest.cs:line 195
</StackTrace>
        </ErrorInfo>
      </Output>
    </UnitTestResult>
  </Results>
</TestRun>